<?xml version="1.0" encoding="UTF-8"?>
<!-- Generated by org.testng.reporters.JUnitReportReporter -->
<testsuite skipped="0" hostname="shree-PC" name="testCases.TestClass1" tests="1" failures="0" timestamp="15 Oct 2020 14:02:55 GMT" time="69.203" errors="0">
  <testcase name="TC_1_check_website_title" time="69.203" classname="testCases.TestClass1"/>
</testsuite> <!-- testCases.TestClass1 -->
